-----------------------------------------------------------------
Data Sent:
array (
  'affId' => '',
  'sourceValue1' => '',
  'sourceValue2' => '',
  'sourceValue3' => '',
  'firstName' => 'Afzal',
  'lastName' => 'Sharif',
  'phoneNumber' => '5464646',
  'emailAddress' => 'testfree2ndamendment@test.com',
  'address1' => 'torontods',
  'city' => 'torontod',
  'state' => 'toronto',
  'postalCode' => '1300',
  'country' => 'CA',
  'cardNumber' => '0000000000000000',
  'cardSecurityCode' => '100',
  'cardMonth' => '01',
  'cardYear' => '2021',
  'product1_id' => '231',
  'product2_id' => '',
  'ipAddress' => '174.93.85.191',
  'shipAddress1' => 'torontods',
  'shipCity' => 'torontod',
  'shipState' => 'toronto',
  'shipPostalCode' => '1300',
  'shipCountry' => 'CA',
  'paySource' => 'CREDITCARD',
  'loginId' => '2ndamendment',
  'password' => 'C!S%M@e17+',
  'campaignId' => '11',
)

Response:
Date: 	 October 24, 2019, 5:12 pm
Status: 	200
Message: 	OK
Result: 	SUCCESS
Body: 	{"result":"SUCCESS","message":{"taxExemption":null,"orderId":"363202DC52","ipAddress":"174.93.85.191","sourceId":null,"sourceValue1":null,"sourceValue2":null,"sourceValue3":null,"sourceValue4":null,"sourceValue5":null,"shipCarrier":"Default","shipMethod":"Default","profileName":null,"dateCreated":"2019-10-24 13:12:07","orderType":"NEW_SALE","orderStatus":"COMPLETE","reviewStatus":null,"totalAmount":9.95,"campaignName":"8320 - 2nd Amendment","orderValue":"0.00","customerId":114727,"name":"Afzal Sharif","emailAddress":"testfree2ndamendment@test.com","phoneNumber":"5464646","firstName":"Afzal","lastName":"Sharif","companyName":null,"address1":"torontods","address2":null,"shipmentInsured":null,"shipmentInsurancePrice":null,"insuranceCharged":0,"city":"torontod","state":"toronto","country":"CA","postalCode":"1300","shipFirstName":"Afzal","shipLastName":"Sharif","shipCompanyName":null,"shipAddress1":"torontods","shipAddress2":null,"shipCity":"torontod","shipState":"toronto","shipCountry":"CA","shipPostalCode":"1300","custom1":null,"custom2":null,"custom3":null,"custom4":null,"custom5":null,"paySource":"CREDITCARD","cardType":"TESTCARD","cardLast4":"0000","cardExpiryDate":"01\/21","achAccountHolderType":null,"achAccountType":null,"achRoutingNumber":null,"achNameOnAccount":null,"achAccountNumber":null,"couponCode":null,"agentUserId":73790,"basePrice":"0.00","baseShipping":"9.95","voiceLogNumber":null,"discountPrice":"0.00","salesTax":"0.00","surcharge":"0.00","shipUpcharge":"0.00","shipProfileId":null,"currencySymbol":"$","campaignId":11,"merchantTxnId":"31684","ibanLast4":null,"originalCycleNumber":1,"subTotal":"0.00","shipTotal":"9.95","taxTotal":"0.00","totalDiscount":"0.00","amountPaid":null,"items":[{"productId":"231","name":"2nd Amendment Rights (3 Books)","qty":"1","actualProductId":"47","replacedByOrderItemId":"","shipping":"9.95","price":"0.00","initialSalesTax":"0.00","customSalesTax":"","refundRemaining":"9.95","purchaseStatus":"","billingCycleType":"","finalBillingCycle":"","isPreauthVoid":"0","nextBillDate":"","trialEnabled":"","trialType":"","regularPrice":"","productQty":"1","cycle1_billDelay":"","cycle2_price":"","cycle2_shipPrice":"","cycle2_isShippable":"0","cycle2_billDelay":"","cycle3_price":"","cycle3_shipPrice":"","cycle3_isShippable":"0","cycle3_billDelay":"","lastCustomCycle":"0","purchaseCycle":"","txnType":"AUTHORIZE","cancellationScheduled":"0","cancelAfterDate":"","billingCycleNumber":"1","staggerIntervalCycles":"","staggerFulfillments":"0"}],"paypalUrl":null}}

-----------------------------------------------------------------
-----------------------------------------------------------------
Data Sent:
array (
  'orderId' => '363202DC52',
  'quantity' => '1',
  'productId' => '80',
  'var' => '8320UPS1V1',
  'loginId' => '2ndamendment',
  'password' => 'C!S%M@e17+',
  'campaignId' => '11',
)

Response:
Date: 	 October 24, 2019, 5:12 pm
Status: 	200
Message: 	OK
Result: 	SUCCESS
Body: 	{"result":"SUCCESS","message":{"taxExemption":null,"orderId":"363202DC52","ipAddress":"174.93.85.191","sourceId":null,"sourceValue1":null,"sourceValue2":null,"sourceValue3":null,"sourceValue4":null,"sourceValue5":null,"shipCarrier":"Default","shipMethod":"Default","profileName":null,"dateCreated":"2019-10-24 13:12:07","orderType":"NEW_SALE","orderStatus":"COMPLETE","reviewStatus":null,"totalAmount":9.95,"campaignName":"8320 - 2nd Amendment","orderValue":"0.00","customerId":114727,"name":"Afzal Sharif","emailAddress":"testfree2ndamendment@test.com","phoneNumber":"5464646","firstName":"Afzal","lastName":"Sharif","companyName":null,"address1":"torontods","address2":null,"shipmentInsured":null,"shipmentInsurancePrice":null,"insuranceCharged":0,"city":"torontod","state":"toronto","country":"CA","postalCode":"1300","shipFirstName":"Afzal","shipLastName":"Sharif","shipCompanyName":null,"shipAddress1":"torontods","shipAddress2":null,"shipCity":"torontod","shipState":"toronto","shipCountry":"CA","shipPostalCode":"1300","custom1":null,"custom2":null,"custom3":null,"custom4":null,"custom5":null,"paySource":"CREDITCARD","cardType":"TESTCARD","cardLast4":"0000","cardExpiryDate":"01\/21","achAccountHolderType":null,"achAccountType":null,"achRoutingNumber":null,"achNameOnAccount":null,"achAccountNumber":null,"couponCode":null,"agentUserId":73790,"basePrice":"0.00","baseShipping":"9.95","voiceLogNumber":null,"discountPrice":"0.00","salesTax":"0.00","surcharge":"0.00","shipUpcharge":"0.00","shipProfileId":null,"currencySymbol":"$","campaignId":11,"merchantTxnId":"31684","ibanLast4":null,"originalCycleNumber":1,"subTotal":"0.00","shipTotal":"9.95","taxTotal":"0.00","totalDiscount":"0.00","amountPaid":"0.00","items":[{"productId":"231","name":"2nd Amendment Rights (3 Books)","qty":"1","actualProductId":"47","replacedByOrderItemId":"","shipping":"9.95","price":"0.00","initialSalesTax":"0.00","customSalesTax":"","refundRemaining":"9.95","purchaseStatus":"","billingCycleType":"","finalBillingCycle":"","isPreauthVoid":"0","nextBillDate":"","trialEnabled":"","trialType":"","regularPrice":"","productQty":"1","cycle1_billDelay":"","cycle2_price":"","cycle2_shipPrice":"","cycle2_isShippable":"0","cycle2_billDelay":"","cycle3_price":"","cycle3_shipPrice":"","cycle3_isShippable":"0","cycle3_billDelay":"","lastCustomCycle":"0","purchaseCycle":"","txnType":"AUTHORIZE","cancellationScheduled":"0","cancelAfterDate":"","billingCycleNumber":"1","staggerIntervalCycles":"","staggerFulfillments":"0"},{"productId":"80","name":"USA Membership","qty":"1","actualProductId":"21","replacedByOrderItemId":"","shipping":"0.00","price":"0.00","initialSalesTax":"0.00","customSalesTax":"0.00","refundRemaining":"0.00","purchaseStatus":"TRIAL","billingCycleType":"RECURRING","finalBillingCycle":"","isPreauthVoid":"0","nextBillDate":"2019-11-07","trialEnabled":"1","trialType":"STANDARD","regularPrice":"39.95","productQty":"1","cycle1_billDelay":"14","cycle2_price":"39.95","cycle2_shipPrice":"0.00","cycle2_isShippable":"0","cycle2_billDelay":"30","cycle3_price":"39.95","cycle3_shipPrice":"0.00","cycle3_isShippable":"1","cycle3_billDelay":"30","lastCustomCycle":"3","purchaseCycle":"1","txnType":"SALE","cancellationScheduled":"0","cancelAfterDate":"","billingCycleNumber":"1","staggerIntervalCycles":"","staggerFulfillments":"0"}]}}

-----------------------------------------------------------------
-----------------------------------------------------------------
Data Sent:
array (
  'orderId' => '363202DC52',
  'quantity' => '1',
  'productId' => '194',
  'var' => '8320UPS2V1',
  'loginId' => '2ndamendment',
  'password' => 'C!S%M@e17+',
  'campaignId' => '11',
)

Response:
Date: 	 October 24, 2019, 5:12 pm
Status: 	200
Message: 	OK
Result: 	SUCCESS
Body: 	{"result":"SUCCESS","message":{"taxExemption":null,"orderId":"363202DC52","ipAddress":"174.93.85.191","sourceId":null,"sourceValue1":null,"sourceValue2":null,"sourceValue3":null,"sourceValue4":null,"sourceValue5":null,"shipCarrier":"Default","shipMethod":"Default","profileName":null,"dateCreated":"2019-10-24 13:12:07","orderType":"NEW_SALE","orderStatus":"COMPLETE","reviewStatus":null,"totalAmount":27.9,"campaignName":"8320 - 2nd Amendment","orderValue":"0.00","customerId":114727,"name":"Afzal Sharif","emailAddress":"testfree2ndamendment@test.com","phoneNumber":"5464646","firstName":"Afzal","lastName":"Sharif","companyName":null,"address1":"torontods","address2":null,"shipmentInsured":null,"shipmentInsurancePrice":null,"insuranceCharged":0,"city":"torontod","state":"toronto","country":"CA","postalCode":"1300","shipFirstName":"Afzal","shipLastName":"Sharif","shipCompanyName":null,"shipAddress1":"torontods","shipAddress2":null,"shipCity":"torontod","shipState":"toronto","shipCountry":"CA","shipPostalCode":"1300","custom1":null,"custom2":null,"custom3":null,"custom4":null,"custom5":null,"paySource":"CREDITCARD","cardType":"TESTCARD","cardLast4":"0000","cardExpiryDate":"01\/21","achAccountHolderType":null,"achAccountType":null,"achRoutingNumber":null,"achNameOnAccount":null,"achAccountNumber":null,"couponCode":null,"agentUserId":73790,"basePrice":"0.00","baseShipping":"9.95","voiceLogNumber":null,"discountPrice":"0.00","salesTax":"0.00","surcharge":"0.00","shipUpcharge":"0.00","shipProfileId":null,"currencySymbol":"$","campaignId":11,"merchantTxnId":"31684","ibanLast4":null,"originalCycleNumber":1,"subTotal":"17.95","shipTotal":"9.95","taxTotal":"0.00","totalDiscount":"0.00","amountPaid":"0.00","items":[{"productId":"231","name":"2nd Amendment Rights (3 Books)","qty":"1","actualProductId":"47","replacedByOrderItemId":"","shipping":"9.95","price":"0.00","initialSalesTax":"0.00","customSalesTax":"","refundRemaining":"9.95","purchaseStatus":"","billingCycleType":"","finalBillingCycle":"","isPreauthVoid":"0","nextBillDate":"","trialEnabled":"","trialType":"","regularPrice":"","productQty":"1","cycle1_billDelay":"","cycle2_price":"","cycle2_shipPrice":"","cycle2_isShippable":"0","cycle2_billDelay":"","cycle3_price":"","cycle3_shipPrice":"","cycle3_isShippable":"0","cycle3_billDelay":"","lastCustomCycle":"0","purchaseCycle":"","txnType":"AUTHORIZE","cancellationScheduled":"0","cancelAfterDate":"","billingCycleNumber":"1","staggerIntervalCycles":"","staggerFulfillments":"0"},{"productId":"80","name":"USA Membership","qty":"1","actualProductId":"21","replacedByOrderItemId":"","shipping":"0.00","price":"0.00","initialSalesTax":"0.00","customSalesTax":"0.00","refundRemaining":"0.00","purchaseStatus":"TRIAL","billingCycleType":"RECURRING","finalBillingCycle":"","isPreauthVoid":"0","nextBillDate":"2019-11-07","trialEnabled":"1","trialType":"STANDARD","regularPrice":"39.95","productQty":"1","cycle1_billDelay":"14","cycle2_price":"39.95","cycle2_shipPrice":"0.00","cycle2_isShippable":"0","cycle2_billDelay":"30","cycle3_price":"39.95","cycle3_shipPrice":"0.00","cycle3_isShippable":"1","cycle3_billDelay":"30","lastCustomCycle":"3","purchaseCycle":"1","txnType":"SALE","cancellationScheduled":"0","cancelAfterDate":"","billingCycleNumber":"1","staggerIntervalCycles":"","staggerFulfillments":"0"},{"productId":"194","name":"Tactical Pen","qty":"1","actualProductId":"25","replacedByOrderItemId":"","shipping":"0.00","price":"17.95","initialSalesTax":"0.00","customSalesTax":"","refundRemaining":"17.95","purchaseStatus":"","billingCycleType":"","finalBillingCycle":"","isPreauthVoid":"0","nextBillDate":"","trialEnabled":"","trialType":"","regularPrice":"","productQty":"1","cycle1_billDelay":"","cycle2_price":"","cycle2_shipPrice":"","cycle2_isShippable":"0","cycle2_billDelay":"","cycle3_price":"","cycle3_shipPrice":"","cycle3_isShippable":"0","cycle3_billDelay":"","lastCustomCycle":"0","purchaseCycle":"","txnType":"AUTHORIZE","cancellationScheduled":"0","cancelAfterDate":"","billingCycleNumber":"1","staggerIntervalCycles":"","staggerFulfillments":"0"}]}}

-----------------------------------------------------------------
-----------------------------------------------------------------
Data Sent:
array (
  'orderId' => '363202DC52',
  'quantity' => '1',
  'productId' => '193',
  'var' => '8320UPS3V1',
  'loginId' => '2ndamendment',
  'password' => 'C!S%M@e17+',
  'campaignId' => '11',
)

Response:
Date: 	 October 24, 2019, 5:12 pm
Status: 	200
Message: 	OK
Result: 	SUCCESS
Body: 	{"result":"SUCCESS","message":{"taxExemption":null,"orderId":"363202DC52","ipAddress":"174.93.85.191","sourceId":null,"sourceValue1":null,"sourceValue2":null,"sourceValue3":null,"sourceValue4":null,"sourceValue5":null,"shipCarrier":"Default","shipMethod":"Default","profileName":null,"dateCreated":"2019-10-24 13:12:07","orderType":"NEW_SALE","orderStatus":"COMPLETE","reviewStatus":null,"totalAmount":45.85,"campaignName":"8320 - 2nd Amendment","orderValue":"0.00","customerId":114727,"name":"Afzal Sharif","emailAddress":"testfree2ndamendment@test.com","phoneNumber":"5464646","firstName":"Afzal","lastName":"Sharif","companyName":null,"address1":"torontods","address2":null,"shipmentInsured":null,"shipmentInsurancePrice":null,"insuranceCharged":0,"city":"torontod","state":"toronto","country":"CA","postalCode":"1300","shipFirstName":"Afzal","shipLastName":"Sharif","shipCompanyName":null,"shipAddress1":"torontods","shipAddress2":null,"shipCity":"torontod","shipState":"toronto","shipCountry":"CA","shipPostalCode":"1300","custom1":null,"custom2":null,"custom3":null,"custom4":null,"custom5":null,"paySource":"CREDITCARD","cardType":"TESTCARD","cardLast4":"0000","cardExpiryDate":"01\/21","achAccountHolderType":null,"achAccountType":null,"achRoutingNumber":null,"achNameOnAccount":null,"achAccountNumber":null,"couponCode":null,"agentUserId":73790,"basePrice":"0.00","baseShipping":"9.95","voiceLogNumber":null,"discountPrice":"0.00","salesTax":"0.00","surcharge":"0.00","shipUpcharge":"0.00","shipProfileId":null,"currencySymbol":"$","campaignId":11,"merchantTxnId":"31684","ibanLast4":null,"originalCycleNumber":1,"subTotal":"35.90","shipTotal":"9.95","taxTotal":"0.00","totalDiscount":"0.00","amountPaid":"0.00","items":[{"productId":"231","name":"2nd Amendment Rights (3 Books)","qty":"1","actualProductId":"47","replacedByOrderItemId":"","shipping":"9.95","price":"0.00","initialSalesTax":"0.00","customSalesTax":"","refundRemaining":"9.95","purchaseStatus":"","billingCycleType":"","finalBillingCycle":"","isPreauthVoid":"0","nextBillDate":"","trialEnabled":"","trialType":"","regularPrice":"","productQty":"1","cycle1_billDelay":"","cycle2_price":"","cycle2_shipPrice":"","cycle2_isShippable":"0","cycle2_billDelay":"","cycle3_price":"","cycle3_shipPrice":"","cycle3_isShippable":"0","cycle3_billDelay":"","lastCustomCycle":"0","purchaseCycle":"","txnType":"AUTHORIZE","cancellationScheduled":"0","cancelAfterDate":"","billingCycleNumber":"1","staggerIntervalCycles":"","staggerFulfillments":"0"},{"productId":"80","name":"USA Membership","qty":"1","actualProductId":"21","replacedByOrderItemId":"","shipping":"0.00","price":"0.00","initialSalesTax":"0.00","customSalesTax":"0.00","refundRemaining":"0.00","purchaseStatus":"TRIAL","billingCycleType":"RECURRING","finalBillingCycle":"","isPreauthVoid":"0","nextBillDate":"2019-11-07","trialEnabled":"1","trialType":"STANDARD","regularPrice":"39.95","productQty":"1","cycle1_billDelay":"14","cycle2_price":"39.95","cycle2_shipPrice":"0.00","cycle2_isShippable":"0","cycle2_billDelay":"30","cycle3_price":"39.95","cycle3_shipPrice":"0.00","cycle3_isShippable":"1","cycle3_billDelay":"30","lastCustomCycle":"3","purchaseCycle":"1","txnType":"SALE","cancellationScheduled":"0","cancelAfterDate":"","billingCycleNumber":"1","staggerIntervalCycles":"","staggerFulfillments":"0"},{"productId":"194","name":"Tactical Pen","qty":"1","actualProductId":"25","replacedByOrderItemId":"","shipping":"0.00","price":"17.95","initialSalesTax":"0.00","customSalesTax":"","refundRemaining":"17.95","purchaseStatus":"","billingCycleType":"","finalBillingCycle":"","isPreauthVoid":"0","nextBillDate":"","trialEnabled":"","trialType":"","regularPrice":"","productQty":"1","cycle1_billDelay":"","cycle2_price":"","cycle2_shipPrice":"","cycle2_isShippable":"0","cycle2_billDelay":"","cycle3_price":"","cycle3_shipPrice":"","cycle3_isShippable":"0","cycle3_billDelay":"","lastCustomCycle":"0","purchaseCycle":"","txnType":"AUTHORIZE","cancellationScheduled":"0","cancelAfterDate":"","billingCycleNumber":"1","staggerIntervalCycles":"","staggerFulfillments":"0"},{"productId":"193","name":"Master Tool Kit","qty":"1","actualProductId":"24","replacedByOrderItemId":"","shipping":"0.00","price":"17.95","initialSalesTax":"0.00","customSalesTax":"","refundRemaining":"17.95","purchaseStatus":"","billingCycleType":"","finalBillingCycle":"","isPreauthVoid":"0","nextBillDate":"","trialEnabled":"","trialType":"","regularPrice":"","productQty":"1","cycle1_billDelay":"","cycle2_price":"","cycle2_shipPrice":"","cycle2_isShippable":"0","cycle2_billDelay":"","cycle3_price":"","cycle3_shipPrice":"","cycle3_isShippable":"0","cycle3_billDelay":"","lastCustomCycle":"0","purchaseCycle":"","txnType":"AUTHORIZE","cancellationScheduled":"0","cancelAfterDate":"","billingCycleNumber":"1","staggerIntervalCycles":"","staggerFulfillments":"0"}]}}

-----------------------------------------------------------------
-----------------------------------------------------------------
Data Sent:
array (
  'orderId' => '363202DC52',
  'quantity' => '1',
  'productId' => '195',
  'var' => '8320UPS4V1',
  'loginId' => '2ndamendment',
  'password' => 'C!S%M@e17+',
  'campaignId' => '11',
)

Response:
Date: 	 October 24, 2019, 5:12 pm
Status: 	200
Message: 	OK
Result: 	SUCCESS
Body: 	{"result":"SUCCESS","message":{"taxExemption":null,"orderId":"363202DC52","ipAddress":"174.93.85.191","sourceId":null,"sourceValue1":null,"sourceValue2":null,"sourceValue3":null,"sourceValue4":null,"sourceValue5":null,"shipCarrier":"Default","shipMethod":"Default","profileName":null,"dateCreated":"2019-10-24 13:12:07","orderType":"NEW_SALE","orderStatus":"COMPLETE","reviewStatus":null,"totalAmount":65.8,"campaignName":"8320 - 2nd Amendment","orderValue":"0.00","customerId":114727,"name":"Afzal Sharif","emailAddress":"testfree2ndamendment@test.com","phoneNumber":"5464646","firstName":"Afzal","lastName":"Sharif","companyName":null,"address1":"torontods","address2":null,"shipmentInsured":null,"shipmentInsurancePrice":null,"insuranceCharged":0,"city":"torontod","state":"toronto","country":"CA","postalCode":"1300","shipFirstName":"Afzal","shipLastName":"Sharif","shipCompanyName":null,"shipAddress1":"torontods","shipAddress2":null,"shipCity":"torontod","shipState":"toronto","shipCountry":"CA","shipPostalCode":"1300","custom1":null,"custom2":null,"custom3":null,"custom4":null,"custom5":null,"paySource":"CREDITCARD","cardType":"TESTCARD","cardLast4":"0000","cardExpiryDate":"01\/21","achAccountHolderType":null,"achAccountType":null,"achRoutingNumber":null,"achNameOnAccount":null,"achAccountNumber":null,"couponCode":null,"agentUserId":73790,"basePrice":"0.00","baseShipping":"9.95","voiceLogNumber":null,"discountPrice":"0.00","salesTax":"0.00","surcharge":"0.00","shipUpcharge":"0.00","shipProfileId":null,"currencySymbol":"$","campaignId":11,"merchantTxnId":"31684","ibanLast4":null,"originalCycleNumber":1,"subTotal":"55.85","shipTotal":"9.95","taxTotal":"0.00","totalDiscount":"0.00","amountPaid":"0.00","items":[{"productId":"231","name":"2nd Amendment Rights (3 Books)","qty":"1","actualProductId":"47","replacedByOrderItemId":"","shipping":"9.95","price":"0.00","initialSalesTax":"0.00","customSalesTax":"","refundRemaining":"9.95","purchaseStatus":"","billingCycleType":"","finalBillingCycle":"","isPreauthVoid":"0","nextBillDate":"","trialEnabled":"","trialType":"","regularPrice":"","productQty":"1","cycle1_billDelay":"","cycle2_price":"","cycle2_shipPrice":"","cycle2_isShippable":"0","cycle2_billDelay":"","cycle3_price":"","cycle3_shipPrice":"","cycle3_isShippable":"0","cycle3_billDelay":"","lastCustomCycle":"0","purchaseCycle":"","txnType":"AUTHORIZE","cancellationScheduled":"0","cancelAfterDate":"","billingCycleNumber":"1","staggerIntervalCycles":"","staggerFulfillments":"0"},{"productId":"80","name":"USA Membership","qty":"1","actualProductId":"21","replacedByOrderItemId":"","shipping":"0.00","price":"0.00","initialSalesTax":"0.00","customSalesTax":"0.00","refundRemaining":"0.00","purchaseStatus":"TRIAL","billingCycleType":"RECURRING","finalBillingCycle":"","isPreauthVoid":"0","nextBillDate":"2019-11-07","trialEnabled":"1","trialType":"STANDARD","regularPrice":"39.95","productQty":"1","cycle1_billDelay":"14","cycle2_price":"39.95","cycle2_shipPrice":"0.00","cycle2_isShippable":"0","cycle2_billDelay":"30","cycle3_price":"39.95","cycle3_shipPrice":"0.00","cycle3_isShippable":"1","cycle3_billDelay":"30","lastCustomCycle":"3","purchaseCycle":"1","txnType":"SALE","cancellationScheduled":"0","cancelAfterDate":"","billingCycleNumber":"1","staggerIntervalCycles":"","staggerFulfillments":"0"},{"productId":"194","name":"Tactical Pen","qty":"1","actualProductId":"25","replacedByOrderItemId":"","shipping":"0.00","price":"17.95","initialSalesTax":"0.00","customSalesTax":"","refundRemaining":"17.95","purchaseStatus":"","billingCycleType":"","finalBillingCycle":"","isPreauthVoid":"0","nextBillDate":"","trialEnabled":"","trialType":"","regularPrice":"","productQty":"1","cycle1_billDelay":"","cycle2_price":"","cycle2_shipPrice":"","cycle2_isShippable":"0","cycle2_billDelay":"","cycle3_price":"","cycle3_shipPrice":"","cycle3_isShippable":"0","cycle3_billDelay":"","lastCustomCycle":"0","purchaseCycle":"","txnType":"AUTHORIZE","cancellationScheduled":"0","cancelAfterDate":"","billingCycleNumber":"1","staggerIntervalCycles":"","staggerFulfillments":"0"},{"productId":"193","name":"Master Tool Kit","qty":"1","actualProductId":"24","replacedByOrderItemId":"","shipping":"0.00","price":"17.95","initialSalesTax":"0.00","customSalesTax":"","refundRemaining":"17.95","purchaseStatus":"","billingCycleType":"","finalBillingCycle":"","isPreauthVoid":"0","nextBillDate":"","trialEnabled":"","trialType":"","regularPrice":"","productQty":"1","cycle1_billDelay":"","cycle2_price":"","cycle2_shipPrice":"","cycle2_isShippable":"0","cycle2_billDelay":"","cycle3_price":"","cycle3_shipPrice":"","cycle3_isShippable":"0","cycle3_billDelay":"","lastCustomCycle":"0","purchaseCycle":"","txnType":"AUTHORIZE","cancellationScheduled":"0","cancelAfterDate":"","billingCycleNumber":"1","staggerIntervalCycles":"","staggerFulfillments":"0"},{"productId":"195","name":"Knighthawk T-600 Flashlight","qty":"1","actualProductId":"30","replacedByOrderItemId":"","shipping":"0.00","price":"19.95","initialSalesTax":"0.00","customSalesTax":"","refundRemaining":"19.95","purchaseStatus":"","billingCycleType":"","finalBillingCycle":"","isPreauthVoid":"0","nextBillDate":"","trialEnabled":"","trialType":"","regularPrice":"","productQty":"1","cycle1_billDelay":"","cycle2_price":"","cycle2_shipPrice":"","cycle2_isShippable":"0","cycle2_billDelay":"","cycle3_price":"","cycle3_shipPrice":"","cycle3_isShippable":"0","cycle3_billDelay":"","lastCustomCycle":"0","purchaseCycle":"","txnType":"AUTHORIZE","cancellationScheduled":"0","cancelAfterDate":"","billingCycleNumber":"1","staggerIntervalCycles":"","staggerFulfillments":"0"}]}}

-----------------------------------------------------------------
-----------------------------------------------------------------
Data Sent:
array (
  'orderId' => '363202DC52',
  'quantity' => '1',
  'productId' => '84',
  'var' => '8320UPS5V1',
  'loginId' => '2ndamendment',
  'password' => 'C!S%M@e17+',
  'campaignId' => '11',
)

Response:
Date: 	 October 24, 2019, 5:12 pm
Status: 	200
Message: 	OK
Result: 	SUCCESS
Body: 	{"result":"SUCCESS","message":{"taxExemption":null,"orderId":"363202DC52","ipAddress":"174.93.85.191","sourceId":null,"sourceValue1":null,"sourceValue2":null,"sourceValue3":null,"sourceValue4":null,"sourceValue5":null,"shipCarrier":"Default","shipMethod":"Default","profileName":null,"dateCreated":"2019-10-24 13:12:07","orderType":"NEW_SALE","orderStatus":"COMPLETE","reviewStatus":null,"totalAmount":149.8,"campaignName":"8320 - 2nd Amendment","orderValue":"0.00","customerId":114727,"name":"Afzal Sharif","emailAddress":"testfree2ndamendment@test.com","phoneNumber":"5464646","firstName":"Afzal","lastName":"Sharif","companyName":null,"address1":"torontods","address2":null,"shipmentInsured":null,"shipmentInsurancePrice":null,"insuranceCharged":0,"city":"torontod","state":"toronto","country":"CA","postalCode":"1300","shipFirstName":"Afzal","shipLastName":"Sharif","shipCompanyName":null,"shipAddress1":"torontods","shipAddress2":null,"shipCity":"torontod","shipState":"toronto","shipCountry":"CA","shipPostalCode":"1300","custom1":null,"custom2":null,"custom3":null,"custom4":null,"custom5":null,"paySource":"CREDITCARD","cardType":"TESTCARD","cardLast4":"0000","cardExpiryDate":"01\/21","achAccountHolderType":null,"achAccountType":null,"achRoutingNumber":null,"achNameOnAccount":null,"achAccountNumber":null,"couponCode":null,"agentUserId":73790,"basePrice":"0.00","baseShipping":"9.95","voiceLogNumber":null,"discountPrice":"0.00","salesTax":"0.00","surcharge":"0.00","shipUpcharge":"0.00","shipProfileId":null,"currencySymbol":"$","campaignId":11,"merchantTxnId":"31684","ibanLast4":null,"originalCycleNumber":1,"subTotal":"139.85","shipTotal":"9.95","taxTotal":"0.00","totalDiscount":"0.00","amountPaid":"0.00","items":[{"productId":"231","name":"2nd Amendment Rights (3 Books)","qty":"1","actualProductId":"47","replacedByOrderItemId":"","shipping":"9.95","price":"0.00","initialSalesTax":"0.00","customSalesTax":"","refundRemaining":"9.95","purchaseStatus":"","billingCycleType":"","finalBillingCycle":"","isPreauthVoid":"0","nextBillDate":"","trialEnabled":"","trialType":"","regularPrice":"","productQty":"1","cycle1_billDelay":"","cycle2_price":"","cycle2_shipPrice":"","cycle2_isShippable":"0","cycle2_billDelay":"","cycle3_price":"","cycle3_shipPrice":"","cycle3_isShippable":"0","cycle3_billDelay":"","lastCustomCycle":"0","purchaseCycle":"","txnType":"AUTHORIZE","cancellationScheduled":"0","cancelAfterDate":"","billingCycleNumber":"1","staggerIntervalCycles":"","staggerFulfillments":"0"},{"productId":"80","name":"USA Membership","qty":"1","actualProductId":"21","replacedByOrderItemId":"","shipping":"0.00","price":"0.00","initialSalesTax":"0.00","customSalesTax":"0.00","refundRemaining":"0.00","purchaseStatus":"TRIAL","billingCycleType":"RECURRING","finalBillingCycle":"","isPreauthVoid":"0","nextBillDate":"2019-11-07","trialEnabled":"1","trialType":"STANDARD","regularPrice":"39.95","productQty":"1","cycle1_billDelay":"14","cycle2_price":"39.95","cycle2_shipPrice":"0.00","cycle2_isShippable":"0","cycle2_billDelay":"30","cycle3_price":"39.95","cycle3_shipPrice":"0.00","cycle3_isShippable":"1","cycle3_billDelay":"30","lastCustomCycle":"3","purchaseCycle":"1","txnType":"SALE","cancellationScheduled":"0","cancelAfterDate":"","billingCycleNumber":"1","staggerIntervalCycles":"","staggerFulfillments":"0"},{"productId":"194","name":"Tactical Pen","qty":"1","actualProductId":"25","replacedByOrderItemId":"","shipping":"0.00","price":"17.95","initialSalesTax":"0.00","customSalesTax":"","refundRemaining":"17.95","purchaseStatus":"","billingCycleType":"","finalBillingCycle":"","isPreauthVoid":"0","nextBillDate":"","trialEnabled":"","trialType":"","regularPrice":"","productQty":"1","cycle1_billDelay":"","cycle2_price":"","cycle2_shipPrice":"","cycle2_isShippable":"0","cycle2_billDelay":"","cycle3_price":"","cycle3_shipPrice":"","cycle3_isShippable":"0","cycle3_billDelay":"","lastCustomCycle":"0","purchaseCycle":"","txnType":"AUTHORIZE","cancellationScheduled":"0","cancelAfterDate":"","billingCycleNumber":"1","staggerIntervalCycles":"","staggerFulfillments":"0"},{"productId":"193","name":"Master Tool Kit","qty":"1","actualProductId":"24","replacedByOrderItemId":"","shipping":"0.00","price":"17.95","initialSalesTax":"0.00","customSalesTax":"","refundRemaining":"17.95","purchaseStatus":"","billingCycleType":"","finalBillingCycle":"","isPreauthVoid":"0","nextBillDate":"","trialEnabled":"","trialType":"","regularPrice":"","productQty":"1","cycle1_billDelay":"","cycle2_price":"","cycle2_shipPrice":"","cycle2_isShippable":"0","cycle2_billDelay":"","cycle3_price":"","cycle3_shipPrice":"","cycle3_isShippable":"0","cycle3_billDelay":"","lastCustomCycle":"0","purchaseCycle":"","txnType":"AUTHORIZE","cancellationScheduled":"0","cancelAfterDate":"","billingCycleNumber":"1","staggerIntervalCycles":"","staggerFulfillments":"0"},{"productId":"195","name":"Knighthawk T-600 Flashlight","qty":"1","actualProductId":"30","replacedByOrderItemId":"","shipping":"0.00","price":"19.95","initialSalesTax":"0.00","customSalesTax":"","refundRemaining":"19.95","purchaseStatus":"","billingCycleType":"","finalBillingCycle":"","isPreauthVoid":"0","nextBillDate":"","trialEnabled":"","trialType":"","regularPrice":"","productQty":"1","cycle1_billDelay":"","cycle2_price":"","cycle2_shipPrice":"","cycle2_isShippable":"0","cycle2_billDelay":"","cycle3_price":"","cycle3_shipPrice":"","cycle3_isShippable":"0","cycle3_billDelay":"","lastCustomCycle":"0","purchaseCycle":"","txnType":"AUTHORIZE","cancellationScheduled":"0","cancelAfterDate":"","billingCycleNumber":"1","staggerIntervalCycles":"","staggerFulfillments":"0"},{"productId":"84","name":"Deluxe Survival Kit","qty":"1","actualProductId":"8","replacedByOrderItemId":"","shipping":"0.00","price":"84.00","initialSalesTax":"0.00","customSalesTax":"","refundRemaining":"84.00","purchaseStatus":"","billingCycleType":"","finalBillingCycle":"","isPreauthVoid":"0","nextBillDate":"","trialEnabled":"","trialType":"","regularPrice":"","productQty":"1","cycle1_billDelay":"","cycle2_price":"","cycle2_shipPrice":"","cycle2_isShippable":"0","cycle2_billDelay":"","cycle3_price":"","cycle3_shipPrice":"","cycle3_isShippable":"0","cycle3_billDelay":"","lastCustomCycle":"0","purchaseCycle":"","txnType":"AUTHORIZE","cancellationScheduled":"0","cancelAfterDate":"","billingCycleNumber":"1","staggerIntervalCycles":"","staggerFulfillments":"0"}]}}

-----------------------------------------------------------------
-----------------------------------------------------------------
Data Sent:
array (
  'orderId' => '363202DC52',
  'quantity' => '1',
  'productId' => '85',
  'var' => '8320UPS6V1',
  'loginId' => '2ndamendment',
  'password' => 'C!S%M@e17+',
  'campaignId' => '11',
)

Response:
Date: 	 October 24, 2019, 5:12 pm
Status: 	200
Message: 	OK
Result: 	SUCCESS
Body: 	{"result":"SUCCESS","message":{"taxExemption":null,"orderId":"363202DC52","ipAddress":"174.93.85.191","sourceId":null,"sourceValue1":null,"sourceValue2":null,"sourceValue3":null,"sourceValue4":null,"sourceValue5":null,"shipCarrier":"Default","shipMethod":"Default","profileName":null,"dateCreated":"2019-10-24 13:12:07","orderType":"NEW_SALE","orderStatus":"COMPLETE","reviewStatus":null,"totalAmount":189.75,"campaignName":"8320 - 2nd Amendment","orderValue":"0.00","customerId":114727,"name":"Afzal Sharif","emailAddress":"testfree2ndamendment@test.com","phoneNumber":"5464646","firstName":"Afzal","lastName":"Sharif","companyName":null,"address1":"torontods","address2":null,"shipmentInsured":null,"shipmentInsurancePrice":null,"insuranceCharged":0,"city":"torontod","state":"toronto","country":"CA","postalCode":"1300","shipFirstName":"Afzal","shipLastName":"Sharif","shipCompanyName":null,"shipAddress1":"torontods","shipAddress2":null,"shipCity":"torontod","shipState":"toronto","shipCountry":"CA","shipPostalCode":"1300","custom1":null,"custom2":null,"custom3":null,"custom4":null,"custom5":null,"paySource":"CREDITCARD","cardType":"TESTCARD","cardLast4":"0000","cardExpiryDate":"01\/21","achAccountHolderType":null,"achAccountType":null,"achRoutingNumber":null,"achNameOnAccount":null,"achAccountNumber":null,"couponCode":null,"agentUserId":73790,"basePrice":"0.00","baseShipping":"9.95","voiceLogNumber":null,"discountPrice":"0.00","salesTax":"0.00","surcharge":"0.00","shipUpcharge":"0.00","shipProfileId":null,"currencySymbol":"$","campaignId":11,"merchantTxnId":"31684","ibanLast4":null,"originalCycleNumber":1,"subTotal":"179.80","shipTotal":"9.95","taxTotal":"0.00","totalDiscount":"0.00","amountPaid":"0.00","items":[{"productId":"231","name":"2nd Amendment Rights (3 Books)","qty":"1","actualProductId":"47","replacedByOrderItemId":"","shipping":"9.95","price":"0.00","initialSalesTax":"0.00","customSalesTax":"","refundRemaining":"9.95","purchaseStatus":"","billingCycleType":"","finalBillingCycle":"","isPreauthVoid":"0","nextBillDate":"","trialEnabled":"","trialType":"","regularPrice":"","productQty":"1","cycle1_billDelay":"","cycle2_price":"","cycle2_shipPrice":"","cycle2_isShippable":"0","cycle2_billDelay":"","cycle3_price":"","cycle3_shipPrice":"","cycle3_isShippable":"0","cycle3_billDelay":"","lastCustomCycle":"0","purchaseCycle":"","txnType":"AUTHORIZE","cancellationScheduled":"0","cancelAfterDate":"","billingCycleNumber":"1","staggerIntervalCycles":"","staggerFulfillments":"0"},{"productId":"80","name":"USA Membership","qty":"1","actualProductId":"21","replacedByOrderItemId":"","shipping":"0.00","price":"0.00","initialSalesTax":"0.00","customSalesTax":"0.00","refundRemaining":"0.00","purchaseStatus":"TRIAL","billingCycleType":"RECURRING","finalBillingCycle":"","isPreauthVoid":"0","nextBillDate":"2019-11-07","trialEnabled":"1","trialType":"STANDARD","regularPrice":"39.95","productQty":"1","cycle1_billDelay":"14","cycle2_price":"39.95","cycle2_shipPrice":"0.00","cycle2_isShippable":"0","cycle2_billDelay":"30","cycle3_price":"39.95","cycle3_shipPrice":"0.00","cycle3_isShippable":"1","cycle3_billDelay":"30","lastCustomCycle":"3","purchaseCycle":"1","txnType":"SALE","cancellationScheduled":"0","cancelAfterDate":"","billingCycleNumber":"1","staggerIntervalCycles":"","staggerFulfillments":"0"},{"productId":"194","name":"Tactical Pen","qty":"1","actualProductId":"25","replacedByOrderItemId":"","shipping":"0.00","price":"17.95","initialSalesTax":"0.00","customSalesTax":"","refundRemaining":"17.95","purchaseStatus":"","billingCycleType":"","finalBillingCycle":"","isPreauthVoid":"0","nextBillDate":"","trialEnabled":"","trialType":"","regularPrice":"","productQty":"1","cycle1_billDelay":"","cycle2_price":"","cycle2_shipPrice":"","cycle2_isShippable":"0","cycle2_billDelay":"","cycle3_price":"","cycle3_shipPrice":"","cycle3_isShippable":"0","cycle3_billDelay":"","lastCustomCycle":"0","purchaseCycle":"","txnType":"AUTHORIZE","cancellationScheduled":"0","cancelAfterDate":"","billingCycleNumber":"1","staggerIntervalCycles":"","staggerFulfillments":"0"},{"productId":"193","name":"Master Tool Kit","qty":"1","actualProductId":"24","replacedByOrderItemId":"","shipping":"0.00","price":"17.95","initialSalesTax":"0.00","customSalesTax":"","refundRemaining":"17.95","purchaseStatus":"","billingCycleType":"","finalBillingCycle":"","isPreauthVoid":"0","nextBillDate":"","trialEnabled":"","trialType":"","regularPrice":"","productQty":"1","cycle1_billDelay":"","cycle2_price":"","cycle2_shipPrice":"","cycle2_isShippable":"0","cycle2_billDelay":"","cycle3_price":"","cycle3_shipPrice":"","cycle3_isShippable":"0","cycle3_billDelay":"","lastCustomCycle":"0","purchaseCycle":"","txnType":"AUTHORIZE","cancellationScheduled":"0","cancelAfterDate":"","billingCycleNumber":"1","staggerIntervalCycles":"","staggerFulfillments":"0"},{"productId":"195","name":"Knighthawk T-600 Flashlight","qty":"1","actualProductId":"30","replacedByOrderItemId":"","shipping":"0.00","price":"19.95","initialSalesTax":"0.00","customSalesTax":"","refundRemaining":"19.95","purchaseStatus":"","billingCycleType":"","finalBillingCycle":"","isPreauthVoid":"0","nextBillDate":"","trialEnabled":"","trialType":"","regularPrice":"","productQty":"1","cycle1_billDelay":"","cycle2_price":"","cycle2_shipPrice":"","cycle2_isShippable":"0","cycle2_billDelay":"","cycle3_price":"","cycle3_shipPrice":"","cycle3_isShippable":"0","cycle3_billDelay":"","lastCustomCycle":"0","purchaseCycle":"","txnType":"AUTHORIZE","cancellationScheduled":"0","cancelAfterDate":"","billingCycleNumber":"1","staggerIntervalCycles":"","staggerFulfillments":"0"},{"productId":"84","name":"Deluxe Survival Kit","qty":"1","actualProductId":"8","replacedByOrderItemId":"","shipping":"0.00","price":"84.00","initialSalesTax":"0.00","customSalesTax":"","refundRemaining":"84.00","purchaseStatus":"","billingCycleType":"","finalBillingCycle":"","isPreauthVoid":"0","nextBillDate":"","trialEnabled":"","trialType":"","regularPrice":"","productQty":"1","cycle1_billDelay":"","cycle2_price":"","cycle2_shipPrice":"","cycle2_isShippable":"0","cycle2_billDelay":"","cycle3_price":"","cycle3_shipPrice":"","cycle3_isShippable":"0","cycle3_billDelay":"","lastCustomCycle":"0","purchaseCycle":"","txnType":"AUTHORIZE","cancellationScheduled":"0","cancelAfterDate":"","billingCycleNumber":"1","staggerIntervalCycles":"","staggerFulfillments":"0"},{"productId":"85","name":"Personal Water Filtration Bottle","qty":"1","actualProductId":"9","replacedByOrderItemId":"","shipping":"0.00","price":"39.95","initialSalesTax":"0.00","customSalesTax":"","refundRemaining":"39.95","purchaseStatus":"","billingCycleType":"","finalBillingCycle":"","isPreauthVoid":"0","nextBillDate":"","trialEnabled":"","trialType":"","regularPrice":"","productQty":"1","cycle1_billDelay":"","cycle2_price":"","cycle2_shipPrice":"","cycle2_isShippable":"0","cycle2_billDelay":"","cycle3_price":"","cycle3_shipPrice":"","cycle3_isShippable":"0","cycle3_billDelay":"","lastCustomCycle":"0","purchaseCycle":"","txnType":"AUTHORIZE","cancellationScheduled":"0","cancelAfterDate":"","billingCycleNumber":"1","staggerIntervalCycles":"","staggerFulfillments":"0"}]}}

-----------------------------------------------------------------
-----------------------------------------------------------------
Data Sent:
array (
  'affId' => '',
  'sourceValue1' => '',
  'sourceValue2' => '',
  'sourceValue3' => '',
  'firstName' => 'Afzal',
  'lastName' => 'Sharif',
  'phoneNumber' => '5464646',
  'emailAddress' => 'free2ndamendmentest@test.com',
  'address1' => 'torontods',
  'city' => 'torontod',
  'state' => 'toronto',
  'postalCode' => '1300',
  'country' => 'CA',
  'cardNumber' => '0000000000000000',
  'cardSecurityCode' => '100',
  'cardMonth' => '01',
  'cardYear' => '2021',
  'product1_id' => '231',
  'product2_id' => '',
  'ipAddress' => '174.93.85.191',
  'shipAddress1' => 'torontods',
  'shipCity' => 'torontod',
  'shipState' => 'toronto',
  'shipPostalCode' => '1300',
  'shipCountry' => 'CA',
  'paySource' => 'CREDITCARD',
  'loginId' => '2ndamendment',
  'password' => 'C!S%M@e17+',
  'campaignId' => '11',
)

Response:
Date: 	 October 24, 2019, 5:30 pm
Status: 	200
Message: 	OK
Result: 	SUCCESS
Body: 	{"result":"SUCCESS","message":{"taxExemption":null,"orderId":"1D5E1AE7CC","ipAddress":"174.93.85.191","sourceId":null,"sourceValue1":null,"sourceValue2":null,"sourceValue3":null,"sourceValue4":null,"sourceValue5":null,"shipCarrier":"Default","shipMethod":"Default","profileName":null,"dateCreated":"2019-10-24 13:30:47","orderType":"NEW_SALE","orderStatus":"COMPLETE","reviewStatus":null,"totalAmount":9.95,"campaignName":"8320 - 2nd Amendment","orderValue":"0.00","customerId":114736,"name":"Afzal Sharif","emailAddress":"free2ndamendmentest@test.com","phoneNumber":"5464646","firstName":"Afzal","lastName":"Sharif","companyName":null,"address1":"torontods","address2":null,"shipmentInsured":null,"shipmentInsurancePrice":null,"insuranceCharged":0,"city":"torontod","state":"toronto","country":"CA","postalCode":"1300","shipFirstName":"Afzal","shipLastName":"Sharif","shipCompanyName":null,"shipAddress1":"torontods","shipAddress2":null,"shipCity":"torontod","shipState":"toronto","shipCountry":"CA","shipPostalCode":"1300","custom1":null,"custom2":null,"custom3":null,"custom4":null,"custom5":null,"paySource":"CREDITCARD","cardType":"TESTCARD","cardLast4":"0000","cardExpiryDate":"01\/21","achAccountHolderType":null,"achAccountType":null,"achRoutingNumber":null,"achNameOnAccount":null,"achAccountNumber":null,"couponCode":null,"agentUserId":73790,"basePrice":"0.00","baseShipping":"9.95","voiceLogNumber":null,"discountPrice":"0.00","salesTax":"0.00","surcharge":"0.00","shipUpcharge":"0.00","shipProfileId":null,"currencySymbol":"$","campaignId":11,"merchantTxnId":"50139","ibanLast4":null,"originalCycleNumber":1,"subTotal":"0.00","shipTotal":"9.95","taxTotal":"0.00","totalDiscount":"0.00","amountPaid":null,"items":[{"productId":"231","name":"2nd Amendment Rights (3 Books)","qty":"1","actualProductId":"47","replacedByOrderItemId":"","shipping":"9.95","price":"0.00","initialSalesTax":"0.00","customSalesTax":"","refundRemaining":"9.95","purchaseStatus":"","billingCycleType":"","finalBillingCycle":"","isPreauthVoid":"0","nextBillDate":"","trialEnabled":"","trialType":"","regularPrice":"","productQty":"1","cycle1_billDelay":"","cycle2_price":"","cycle2_shipPrice":"","cycle2_isShippable":"0","cycle2_billDelay":"","cycle3_price":"","cycle3_shipPrice":"","cycle3_isShippable":"0","cycle3_billDelay":"","lastCustomCycle":"0","purchaseCycle":"","txnType":"AUTHORIZE","cancellationScheduled":"0","cancelAfterDate":"","billingCycleNumber":"1","staggerIntervalCycles":"","staggerFulfillments":"0"}],"paypalUrl":null}}

-----------------------------------------------------------------
-----------------------------------------------------------------
Data Sent:
array (
  'orderId' => '1D5E1AE7CC',
  'quantity' => '1',
  'productId' => '80',
  'var' => '8320UPS1V1',
  'loginId' => '2ndamendment',
  'password' => 'C!S%M@e17+',
  'campaignId' => '11',
)

Response:
Date: 	 October 24, 2019, 5:31 pm
Status: 	200
Message: 	OK
Result: 	SUCCESS
Body: 	{"result":"SUCCESS","message":{"taxExemption":null,"orderId":"1D5E1AE7CC","ipAddress":"174.93.85.191","sourceId":null,"sourceValue1":null,"sourceValue2":null,"sourceValue3":null,"sourceValue4":null,"sourceValue5":null,"shipCarrier":"Default","shipMethod":"Default","profileName":null,"dateCreated":"2019-10-24 13:30:47","orderType":"NEW_SALE","orderStatus":"COMPLETE","reviewStatus":null,"totalAmount":9.95,"campaignName":"8320 - 2nd Amendment","orderValue":"0.00","customerId":114736,"name":"Afzal Sharif","emailAddress":"free2ndamendmentest@test.com","phoneNumber":"5464646","firstName":"Afzal","lastName":"Sharif","companyName":null,"address1":"torontods","address2":null,"shipmentInsured":null,"shipmentInsurancePrice":null,"insuranceCharged":0,"city":"torontod","state":"toronto","country":"CA","postalCode":"1300","shipFirstName":"Afzal","shipLastName":"Sharif","shipCompanyName":null,"shipAddress1":"torontods","shipAddress2":null,"shipCity":"torontod","shipState":"toronto","shipCountry":"CA","shipPostalCode":"1300","custom1":null,"custom2":null,"custom3":null,"custom4":null,"custom5":null,"paySource":"CREDITCARD","cardType":"TESTCARD","cardLast4":"0000","cardExpiryDate":"01\/21","achAccountHolderType":null,"achAccountType":null,"achRoutingNumber":null,"achNameOnAccount":null,"achAccountNumber":null,"couponCode":null,"agentUserId":73790,"basePrice":"0.00","baseShipping":"9.95","voiceLogNumber":null,"discountPrice":"0.00","salesTax":"0.00","surcharge":"0.00","shipUpcharge":"0.00","shipProfileId":null,"currencySymbol":"$","campaignId":11,"merchantTxnId":"50139","ibanLast4":null,"originalCycleNumber":1,"subTotal":"0.00","shipTotal":"9.95","taxTotal":"0.00","totalDiscount":"0.00","amountPaid":"0.00","items":[{"productId":"231","name":"2nd Amendment Rights (3 Books)","qty":"1","actualProductId":"47","replacedByOrderItemId":"","shipping":"9.95","price":"0.00","initialSalesTax":"0.00","customSalesTax":"","refundRemaining":"9.95","purchaseStatus":"","billingCycleType":"","finalBillingCycle":"","isPreauthVoid":"0","nextBillDate":"","trialEnabled":"","trialType":"","regularPrice":"","productQty":"1","cycle1_billDelay":"","cycle2_price":"","cycle2_shipPrice":"","cycle2_isShippable":"0","cycle2_billDelay":"","cycle3_price":"","cycle3_shipPrice":"","cycle3_isShippable":"0","cycle3_billDelay":"","lastCustomCycle":"0","purchaseCycle":"","txnType":"AUTHORIZE","cancellationScheduled":"0","cancelAfterDate":"","billingCycleNumber":"1","staggerIntervalCycles":"","staggerFulfillments":"0"},{"productId":"80","name":"USA Membership","qty":"1","actualProductId":"21","replacedByOrderItemId":"","shipping":"0.00","price":"0.00","initialSalesTax":"0.00","customSalesTax":"0.00","refundRemaining":"0.00","purchaseStatus":"TRIAL","billingCycleType":"RECURRING","finalBillingCycle":"","isPreauthVoid":"0","nextBillDate":"2019-11-07","trialEnabled":"1","trialType":"STANDARD","regularPrice":"39.95","productQty":"1","cycle1_billDelay":"14","cycle2_price":"39.95","cycle2_shipPrice":"0.00","cycle2_isShippable":"0","cycle2_billDelay":"30","cycle3_price":"39.95","cycle3_shipPrice":"0.00","cycle3_isShippable":"1","cycle3_billDelay":"30","lastCustomCycle":"3","purchaseCycle":"1","txnType":"SALE","cancellationScheduled":"0","cancelAfterDate":"","billingCycleNumber":"1","staggerIntervalCycles":"","staggerFulfillments":"0"}]}}

-----------------------------------------------------------------
-----------------------------------------------------------------
Data Sent:
array (
  'orderId' => '1D5E1AE7CC',
  'quantity' => '1',
  'productId' => '194',
  'var' => '8320UPS2V1',
  'loginId' => '2ndamendment',
  'password' => 'C!S%M@e17+',
  'campaignId' => '11',
)

Response:
Date: 	 October 24, 2019, 5:31 pm
Status: 	200
Message: 	OK
Result: 	SUCCESS
Body: 	{"result":"SUCCESS","message":{"taxExemption":null,"orderId":"1D5E1AE7CC","ipAddress":"174.93.85.191","sourceId":null,"sourceValue1":null,"sourceValue2":null,"sourceValue3":null,"sourceValue4":null,"sourceValue5":null,"shipCarrier":"Default","shipMethod":"Default","profileName":null,"dateCreated":"2019-10-24 13:30:47","orderType":"NEW_SALE","orderStatus":"COMPLETE","reviewStatus":null,"totalAmount":27.9,"campaignName":"8320 - 2nd Amendment","orderValue":"0.00","customerId":114736,"name":"Afzal Sharif","emailAddress":"free2ndamendmentest@test.com","phoneNumber":"5464646","firstName":"Afzal","lastName":"Sharif","companyName":null,"address1":"torontods","address2":null,"shipmentInsured":null,"shipmentInsurancePrice":null,"insuranceCharged":0,"city":"torontod","state":"toronto","country":"CA","postalCode":"1300","shipFirstName":"Afzal","shipLastName":"Sharif","shipCompanyName":null,"shipAddress1":"torontods","shipAddress2":null,"shipCity":"torontod","shipState":"toronto","shipCountry":"CA","shipPostalCode":"1300","custom1":null,"custom2":null,"custom3":null,"custom4":null,"custom5":null,"paySource":"CREDITCARD","cardType":"TESTCARD","cardLast4":"0000","cardExpiryDate":"01\/21","achAccountHolderType":null,"achAccountType":null,"achRoutingNumber":null,"achNameOnAccount":null,"achAccountNumber":null,"couponCode":null,"agentUserId":73790,"basePrice":"0.00","baseShipping":"9.95","voiceLogNumber":null,"discountPrice":"0.00","salesTax":"0.00","surcharge":"0.00","shipUpcharge":"0.00","shipProfileId":null,"currencySymbol":"$","campaignId":11,"merchantTxnId":"50139","ibanLast4":null,"originalCycleNumber":1,"subTotal":"17.95","shipTotal":"9.95","taxTotal":"0.00","totalDiscount":"0.00","amountPaid":"0.00","items":[{"productId":"231","name":"2nd Amendment Rights (3 Books)","qty":"1","actualProductId":"47","replacedByOrderItemId":"","shipping":"9.95","price":"0.00","initialSalesTax":"0.00","customSalesTax":"","refundRemaining":"9.95","purchaseStatus":"","billingCycleType":"","finalBillingCycle":"","isPreauthVoid":"0","nextBillDate":"","trialEnabled":"","trialType":"","regularPrice":"","productQty":"1","cycle1_billDelay":"","cycle2_price":"","cycle2_shipPrice":"","cycle2_isShippable":"0","cycle2_billDelay":"","cycle3_price":"","cycle3_shipPrice":"","cycle3_isShippable":"0","cycle3_billDelay":"","lastCustomCycle":"0","purchaseCycle":"","txnType":"AUTHORIZE","cancellationScheduled":"0","cancelAfterDate":"","billingCycleNumber":"1","staggerIntervalCycles":"","staggerFulfillments":"0"},{"productId":"80","name":"USA Membership","qty":"1","actualProductId":"21","replacedByOrderItemId":"","shipping":"0.00","price":"0.00","initialSalesTax":"0.00","customSalesTax":"0.00","refundRemaining":"0.00","purchaseStatus":"TRIAL","billingCycleType":"RECURRING","finalBillingCycle":"","isPreauthVoid":"0","nextBillDate":"2019-11-07","trialEnabled":"1","trialType":"STANDARD","regularPrice":"39.95","productQty":"1","cycle1_billDelay":"14","cycle2_price":"39.95","cycle2_shipPrice":"0.00","cycle2_isShippable":"0","cycle2_billDelay":"30","cycle3_price":"39.95","cycle3_shipPrice":"0.00","cycle3_isShippable":"1","cycle3_billDelay":"30","lastCustomCycle":"3","purchaseCycle":"1","txnType":"SALE","cancellationScheduled":"0","cancelAfterDate":"","billingCycleNumber":"1","staggerIntervalCycles":"","staggerFulfillments":"0"},{"productId":"194","name":"Tactical Pen","qty":"1","actualProductId":"25","replacedByOrderItemId":"","shipping":"0.00","price":"17.95","initialSalesTax":"0.00","customSalesTax":"","refundRemaining":"17.95","purchaseStatus":"","billingCycleType":"","finalBillingCycle":"","isPreauthVoid":"0","nextBillDate":"","trialEnabled":"","trialType":"","regularPrice":"","productQty":"1","cycle1_billDelay":"","cycle2_price":"","cycle2_shipPrice":"","cycle2_isShippable":"0","cycle2_billDelay":"","cycle3_price":"","cycle3_shipPrice":"","cycle3_isShippable":"0","cycle3_billDelay":"","lastCustomCycle":"0","purchaseCycle":"","txnType":"AUTHORIZE","cancellationScheduled":"0","cancelAfterDate":"","billingCycleNumber":"1","staggerIntervalCycles":"","staggerFulfillments":"0"}]}}

-----------------------------------------------------------------
-----------------------------------------------------------------
Data Sent:
array (
  'orderId' => '1D5E1AE7CC',
  'quantity' => '1',
  'productId' => '193',
  'var' => '8320UPS3V1',
  'loginId' => '2ndamendment',
  'password' => 'C!S%M@e17+',
  'campaignId' => '11',
)

Response:
Date: 	 October 24, 2019, 5:31 pm
Status: 	200
Message: 	OK
Result: 	SUCCESS
Body: 	{"result":"SUCCESS","message":{"taxExemption":null,"orderId":"1D5E1AE7CC","ipAddress":"174.93.85.191","sourceId":null,"sourceValue1":null,"sourceValue2":null,"sourceValue3":null,"sourceValue4":null,"sourceValue5":null,"shipCarrier":"Default","shipMethod":"Default","profileName":null,"dateCreated":"2019-10-24 13:30:47","orderType":"NEW_SALE","orderStatus":"COMPLETE","reviewStatus":null,"totalAmount":45.85,"campaignName":"8320 - 2nd Amendment","orderValue":"0.00","customerId":114736,"name":"Afzal Sharif","emailAddress":"free2ndamendmentest@test.com","phoneNumber":"5464646","firstName":"Afzal","lastName":"Sharif","companyName":null,"address1":"torontods","address2":null,"shipmentInsured":null,"shipmentInsurancePrice":null,"insuranceCharged":0,"city":"torontod","state":"toronto","country":"CA","postalCode":"1300","shipFirstName":"Afzal","shipLastName":"Sharif","shipCompanyName":null,"shipAddress1":"torontods","shipAddress2":null,"shipCity":"torontod","shipState":"toronto","shipCountry":"CA","shipPostalCode":"1300","custom1":null,"custom2":null,"custom3":null,"custom4":null,"custom5":null,"paySource":"CREDITCARD","cardType":"TESTCARD","cardLast4":"0000","cardExpiryDate":"01\/21","achAccountHolderType":null,"achAccountType":null,"achRoutingNumber":null,"achNameOnAccount":null,"achAccountNumber":null,"couponCode":null,"agentUserId":73790,"basePrice":"0.00","baseShipping":"9.95","voiceLogNumber":null,"discountPrice":"0.00","salesTax":"0.00","surcharge":"0.00","shipUpcharge":"0.00","shipProfileId":null,"currencySymbol":"$","campaignId":11,"merchantTxnId":"50139","ibanLast4":null,"originalCycleNumber":1,"subTotal":"35.90","shipTotal":"9.95","taxTotal":"0.00","totalDiscount":"0.00","amountPaid":"0.00","items":[{"productId":"231","name":"2nd Amendment Rights (3 Books)","qty":"1","actualProductId":"47","replacedByOrderItemId":"","shipping":"9.95","price":"0.00","initialSalesTax":"0.00","customSalesTax":"","refundRemaining":"9.95","purchaseStatus":"","billingCycleType":"","finalBillingCycle":"","isPreauthVoid":"0","nextBillDate":"","trialEnabled":"","trialType":"","regularPrice":"","productQty":"1","cycle1_billDelay":"","cycle2_price":"","cycle2_shipPrice":"","cycle2_isShippable":"0","cycle2_billDelay":"","cycle3_price":"","cycle3_shipPrice":"","cycle3_isShippable":"0","cycle3_billDelay":"","lastCustomCycle":"0","purchaseCycle":"","txnType":"AUTHORIZE","cancellationScheduled":"0","cancelAfterDate":"","billingCycleNumber":"1","staggerIntervalCycles":"","staggerFulfillments":"0"},{"productId":"80","name":"USA Membership","qty":"1","actualProductId":"21","replacedByOrderItemId":"","shipping":"0.00","price":"0.00","initialSalesTax":"0.00","customSalesTax":"0.00","refundRemaining":"0.00","purchaseStatus":"TRIAL","billingCycleType":"RECURRING","finalBillingCycle":"","isPreauthVoid":"0","nextBillDate":"2019-11-07","trialEnabled":"1","trialType":"STANDARD","regularPrice":"39.95","productQty":"1","cycle1_billDelay":"14","cycle2_price":"39.95","cycle2_shipPrice":"0.00","cycle2_isShippable":"0","cycle2_billDelay":"30","cycle3_price":"39.95","cycle3_shipPrice":"0.00","cycle3_isShippable":"1","cycle3_billDelay":"30","lastCustomCycle":"3","purchaseCycle":"1","txnType":"SALE","cancellationScheduled":"0","cancelAfterDate":"","billingCycleNumber":"1","staggerIntervalCycles":"","staggerFulfillments":"0"},{"productId":"194","name":"Tactical Pen","qty":"1","actualProductId":"25","replacedByOrderItemId":"","shipping":"0.00","price":"17.95","initialSalesTax":"0.00","customSalesTax":"","refundRemaining":"17.95","purchaseStatus":"","billingCycleType":"","finalBillingCycle":"","isPreauthVoid":"0","nextBillDate":"","trialEnabled":"","trialType":"","regularPrice":"","productQty":"1","cycle1_billDelay":"","cycle2_price":"","cycle2_shipPrice":"","cycle2_isShippable":"0","cycle2_billDelay":"","cycle3_price":"","cycle3_shipPrice":"","cycle3_isShippable":"0","cycle3_billDelay":"","lastCustomCycle":"0","purchaseCycle":"","txnType":"AUTHORIZE","cancellationScheduled":"0","cancelAfterDate":"","billingCycleNumber":"1","staggerIntervalCycles":"","staggerFulfillments":"0"},{"productId":"193","name":"Master Tool Kit","qty":"1","actualProductId":"24","replacedByOrderItemId":"","shipping":"0.00","price":"17.95","initialSalesTax":"0.00","customSalesTax":"","refundRemaining":"17.95","purchaseStatus":"","billingCycleType":"","finalBillingCycle":"","isPreauthVoid":"0","nextBillDate":"","trialEnabled":"","trialType":"","regularPrice":"","productQty":"1","cycle1_billDelay":"","cycle2_price":"","cycle2_shipPrice":"","cycle2_isShippable":"0","cycle2_billDelay":"","cycle3_price":"","cycle3_shipPrice":"","cycle3_isShippable":"0","cycle3_billDelay":"","lastCustomCycle":"0","purchaseCycle":"","txnType":"AUTHORIZE","cancellationScheduled":"0","cancelAfterDate":"","billingCycleNumber":"1","staggerIntervalCycles":"","staggerFulfillments":"0"}]}}

-----------------------------------------------------------------
-----------------------------------------------------------------
Data Sent:
array (
  'orderId' => '1D5E1AE7CC',
  'quantity' => '1',
  'productId' => '195',
  'var' => '8320UPS4V1',
  'loginId' => '2ndamendment',
  'password' => 'C!S%M@e17+',
  'campaignId' => '11',
)

Response:
Date: 	 October 24, 2019, 5:31 pm
Status: 	200
Message: 	OK
Result: 	SUCCESS
Body: 	{"result":"SUCCESS","message":{"taxExemption":null,"orderId":"1D5E1AE7CC","ipAddress":"174.93.85.191","sourceId":null,"sourceValue1":null,"sourceValue2":null,"sourceValue3":null,"sourceValue4":null,"sourceValue5":null,"shipCarrier":"Default","shipMethod":"Default","profileName":null,"dateCreated":"2019-10-24 13:30:47","orderType":"NEW_SALE","orderStatus":"COMPLETE","reviewStatus":null,"totalAmount":65.8,"campaignName":"8320 - 2nd Amendment","orderValue":"0.00","customerId":114736,"name":"Afzal Sharif","emailAddress":"free2ndamendmentest@test.com","phoneNumber":"5464646","firstName":"Afzal","lastName":"Sharif","companyName":null,"address1":"torontods","address2":null,"shipmentInsured":null,"shipmentInsurancePrice":null,"insuranceCharged":0,"city":"torontod","state":"toronto","country":"CA","postalCode":"1300","shipFirstName":"Afzal","shipLastName":"Sharif","shipCompanyName":null,"shipAddress1":"torontods","shipAddress2":null,"shipCity":"torontod","shipState":"toronto","shipCountry":"CA","shipPostalCode":"1300","custom1":null,"custom2":null,"custom3":null,"custom4":null,"custom5":null,"paySource":"CREDITCARD","cardType":"TESTCARD","cardLast4":"0000","cardExpiryDate":"01\/21","achAccountHolderType":null,"achAccountType":null,"achRoutingNumber":null,"achNameOnAccount":null,"achAccountNumber":null,"couponCode":null,"agentUserId":73790,"basePrice":"0.00","baseShipping":"9.95","voiceLogNumber":null,"discountPrice":"0.00","salesTax":"0.00","surcharge":"0.00","shipUpcharge":"0.00","shipProfileId":null,"currencySymbol":"$","campaignId":11,"merchantTxnId":"50139","ibanLast4":null,"originalCycleNumber":1,"subTotal":"55.85","shipTotal":"9.95","taxTotal":"0.00","totalDiscount":"0.00","amountPaid":"0.00","items":[{"productId":"231","name":"2nd Amendment Rights (3 Books)","qty":"1","actualProductId":"47","replacedByOrderItemId":"","shipping":"9.95","price":"0.00","initialSalesTax":"0.00","customSalesTax":"","refundRemaining":"9.95","purchaseStatus":"","billingCycleType":"","finalBillingCycle":"","isPreauthVoid":"0","nextBillDate":"","trialEnabled":"","trialType":"","regularPrice":"","productQty":"1","cycle1_billDelay":"","cycle2_price":"","cycle2_shipPrice":"","cycle2_isShippable":"0","cycle2_billDelay":"","cycle3_price":"","cycle3_shipPrice":"","cycle3_isShippable":"0","cycle3_billDelay":"","lastCustomCycle":"0","purchaseCycle":"","txnType":"AUTHORIZE","cancellationScheduled":"0","cancelAfterDate":"","billingCycleNumber":"1","staggerIntervalCycles":"","staggerFulfillments":"0"},{"productId":"80","name":"USA Membership","qty":"1","actualProductId":"21","replacedByOrderItemId":"","shipping":"0.00","price":"0.00","initialSalesTax":"0.00","customSalesTax":"0.00","refundRemaining":"0.00","purchaseStatus":"TRIAL","billingCycleType":"RECURRING","finalBillingCycle":"","isPreauthVoid":"0","nextBillDate":"2019-11-07","trialEnabled":"1","trialType":"STANDARD","regularPrice":"39.95","productQty":"1","cycle1_billDelay":"14","cycle2_price":"39.95","cycle2_shipPrice":"0.00","cycle2_isShippable":"0","cycle2_billDelay":"30","cycle3_price":"39.95","cycle3_shipPrice":"0.00","cycle3_isShippable":"1","cycle3_billDelay":"30","lastCustomCycle":"3","purchaseCycle":"1","txnType":"SALE","cancellationScheduled":"0","cancelAfterDate":"","billingCycleNumber":"1","staggerIntervalCycles":"","staggerFulfillments":"0"},{"productId":"194","name":"Tactical Pen","qty":"1","actualProductId":"25","replacedByOrderItemId":"","shipping":"0.00","price":"17.95","initialSalesTax":"0.00","customSalesTax":"","refundRemaining":"17.95","purchaseStatus":"","billingCycleType":"","finalBillingCycle":"","isPreauthVoid":"0","nextBillDate":"","trialEnabled":"","trialType":"","regularPrice":"","productQty":"1","cycle1_billDelay":"","cycle2_price":"","cycle2_shipPrice":"","cycle2_isShippable":"0","cycle2_billDelay":"","cycle3_price":"","cycle3_shipPrice":"","cycle3_isShippable":"0","cycle3_billDelay":"","lastCustomCycle":"0","purchaseCycle":"","txnType":"AUTHORIZE","cancellationScheduled":"0","cancelAfterDate":"","billingCycleNumber":"1","staggerIntervalCycles":"","staggerFulfillments":"0"},{"productId":"193","name":"Master Tool Kit","qty":"1","actualProductId":"24","replacedByOrderItemId":"","shipping":"0.00","price":"17.95","initialSalesTax":"0.00","customSalesTax":"","refundRemaining":"17.95","purchaseStatus":"","billingCycleType":"","finalBillingCycle":"","isPreauthVoid":"0","nextBillDate":"","trialEnabled":"","trialType":"","regularPrice":"","productQty":"1","cycle1_billDelay":"","cycle2_price":"","cycle2_shipPrice":"","cycle2_isShippable":"0","cycle2_billDelay":"","cycle3_price":"","cycle3_shipPrice":"","cycle3_isShippable":"0","cycle3_billDelay":"","lastCustomCycle":"0","purchaseCycle":"","txnType":"AUTHORIZE","cancellationScheduled":"0","cancelAfterDate":"","billingCycleNumber":"1","staggerIntervalCycles":"","staggerFulfillments":"0"},{"productId":"195","name":"Knighthawk T-600 Flashlight","qty":"1","actualProductId":"30","replacedByOrderItemId":"","shipping":"0.00","price":"19.95","initialSalesTax":"0.00","customSalesTax":"","refundRemaining":"19.95","purchaseStatus":"","billingCycleType":"","finalBillingCycle":"","isPreauthVoid":"0","nextBillDate":"","trialEnabled":"","trialType":"","regularPrice":"","productQty":"1","cycle1_billDelay":"","cycle2_price":"","cycle2_shipPrice":"","cycle2_isShippable":"0","cycle2_billDelay":"","cycle3_price":"","cycle3_shipPrice":"","cycle3_isShippable":"0","cycle3_billDelay":"","lastCustomCycle":"0","purchaseCycle":"","txnType":"AUTHORIZE","cancellationScheduled":"0","cancelAfterDate":"","billingCycleNumber":"1","staggerIntervalCycles":"","staggerFulfillments":"0"}]}}

-----------------------------------------------------------------
-----------------------------------------------------------------
Data Sent:
array (
  'orderId' => '1D5E1AE7CC',
  'quantity' => '1',
  'productId' => '84',
  'var' => '8320UPS5V1',
  'loginId' => '2ndamendment',
  'password' => 'C!S%M@e17+',
  'campaignId' => '11',
)

Response:
Date: 	 October 24, 2019, 5:31 pm
Status: 	200
Message: 	OK
Result: 	SUCCESS
Body: 	{"result":"SUCCESS","message":{"taxExemption":null,"orderId":"1D5E1AE7CC","ipAddress":"174.93.85.191","sourceId":null,"sourceValue1":null,"sourceValue2":null,"sourceValue3":null,"sourceValue4":null,"sourceValue5":null,"shipCarrier":"Default","shipMethod":"Default","profileName":null,"dateCreated":"2019-10-24 13:30:47","orderType":"NEW_SALE","orderStatus":"COMPLETE","reviewStatus":null,"totalAmount":149.8,"campaignName":"8320 - 2nd Amendment","orderValue":"0.00","customerId":114736,"name":"Afzal Sharif","emailAddress":"free2ndamendmentest@test.com","phoneNumber":"5464646","firstName":"Afzal","lastName":"Sharif","companyName":null,"address1":"torontods","address2":null,"shipmentInsured":null,"shipmentInsurancePrice":null,"insuranceCharged":0,"city":"torontod","state":"toronto","country":"CA","postalCode":"1300","shipFirstName":"Afzal","shipLastName":"Sharif","shipCompanyName":null,"shipAddress1":"torontods","shipAddress2":null,"shipCity":"torontod","shipState":"toronto","shipCountry":"CA","shipPostalCode":"1300","custom1":null,"custom2":null,"custom3":null,"custom4":null,"custom5":null,"paySource":"CREDITCARD","cardType":"TESTCARD","cardLast4":"0000","cardExpiryDate":"01\/21","achAccountHolderType":null,"achAccountType":null,"achRoutingNumber":null,"achNameOnAccount":null,"achAccountNumber":null,"couponCode":null,"agentUserId":73790,"basePrice":"0.00","baseShipping":"9.95","voiceLogNumber":null,"discountPrice":"0.00","salesTax":"0.00","surcharge":"0.00","shipUpcharge":"0.00","shipProfileId":null,"currencySymbol":"$","campaignId":11,"merchantTxnId":"50139","ibanLast4":null,"originalCycleNumber":1,"subTotal":"139.85","shipTotal":"9.95","taxTotal":"0.00","totalDiscount":"0.00","amountPaid":"0.00","items":[{"productId":"231","name":"2nd Amendment Rights (3 Books)","qty":"1","actualProductId":"47","replacedByOrderItemId":"","shipping":"9.95","price":"0.00","initialSalesTax":"0.00","customSalesTax":"","refundRemaining":"9.95","purchaseStatus":"","billingCycleType":"","finalBillingCycle":"","isPreauthVoid":"0","nextBillDate":"","trialEnabled":"","trialType":"","regularPrice":"","productQty":"1","cycle1_billDelay":"","cycle2_price":"","cycle2_shipPrice":"","cycle2_isShippable":"0","cycle2_billDelay":"","cycle3_price":"","cycle3_shipPrice":"","cycle3_isShippable":"0","cycle3_billDelay":"","lastCustomCycle":"0","purchaseCycle":"","txnType":"AUTHORIZE","cancellationScheduled":"0","cancelAfterDate":"","billingCycleNumber":"1","staggerIntervalCycles":"","staggerFulfillments":"0"},{"productId":"80","name":"USA Membership","qty":"1","actualProductId":"21","replacedByOrderItemId":"","shipping":"0.00","price":"0.00","initialSalesTax":"0.00","customSalesTax":"0.00","refundRemaining":"0.00","purchaseStatus":"TRIAL","billingCycleType":"RECURRING","finalBillingCycle":"","isPreauthVoid":"0","nextBillDate":"2019-11-07","trialEnabled":"1","trialType":"STANDARD","regularPrice":"39.95","productQty":"1","cycle1_billDelay":"14","cycle2_price":"39.95","cycle2_shipPrice":"0.00","cycle2_isShippable":"0","cycle2_billDelay":"30","cycle3_price":"39.95","cycle3_shipPrice":"0.00","cycle3_isShippable":"1","cycle3_billDelay":"30","lastCustomCycle":"3","purchaseCycle":"1","txnType":"SALE","cancellationScheduled":"0","cancelAfterDate":"","billingCycleNumber":"1","staggerIntervalCycles":"","staggerFulfillments":"0"},{"productId":"194","name":"Tactical Pen","qty":"1","actualProductId":"25","replacedByOrderItemId":"","shipping":"0.00","price":"17.95","initialSalesTax":"0.00","customSalesTax":"","refundRemaining":"17.95","purchaseStatus":"","billingCycleType":"","finalBillingCycle":"","isPreauthVoid":"0","nextBillDate":"","trialEnabled":"","trialType":"","regularPrice":"","productQty":"1","cycle1_billDelay":"","cycle2_price":"","cycle2_shipPrice":"","cycle2_isShippable":"0","cycle2_billDelay":"","cycle3_price":"","cycle3_shipPrice":"","cycle3_isShippable":"0","cycle3_billDelay":"","lastCustomCycle":"0","purchaseCycle":"","txnType":"AUTHORIZE","cancellationScheduled":"0","cancelAfterDate":"","billingCycleNumber":"1","staggerIntervalCycles":"","staggerFulfillments":"0"},{"productId":"193","name":"Master Tool Kit","qty":"1","actualProductId":"24","replacedByOrderItemId":"","shipping":"0.00","price":"17.95","initialSalesTax":"0.00","customSalesTax":"","refundRemaining":"17.95","purchaseStatus":"","billingCycleType":"","finalBillingCycle":"","isPreauthVoid":"0","nextBillDate":"","trialEnabled":"","trialType":"","regularPrice":"","productQty":"1","cycle1_billDelay":"","cycle2_price":"","cycle2_shipPrice":"","cycle2_isShippable":"0","cycle2_billDelay":"","cycle3_price":"","cycle3_shipPrice":"","cycle3_isShippable":"0","cycle3_billDelay":"","lastCustomCycle":"0","purchaseCycle":"","txnType":"AUTHORIZE","cancellationScheduled":"0","cancelAfterDate":"","billingCycleNumber":"1","staggerIntervalCycles":"","staggerFulfillments":"0"},{"productId":"195","name":"Knighthawk T-600 Flashlight","qty":"1","actualProductId":"30","replacedByOrderItemId":"","shipping":"0.00","price":"19.95","initialSalesTax":"0.00","customSalesTax":"","refundRemaining":"19.95","purchaseStatus":"","billingCycleType":"","finalBillingCycle":"","isPreauthVoid":"0","nextBillDate":"","trialEnabled":"","trialType":"","regularPrice":"","productQty":"1","cycle1_billDelay":"","cycle2_price":"","cycle2_shipPrice":"","cycle2_isShippable":"0","cycle2_billDelay":"","cycle3_price":"","cycle3_shipPrice":"","cycle3_isShippable":"0","cycle3_billDelay":"","lastCustomCycle":"0","purchaseCycle":"","txnType":"AUTHORIZE","cancellationScheduled":"0","cancelAfterDate":"","billingCycleNumber":"1","staggerIntervalCycles":"","staggerFulfillments":"0"},{"productId":"84","name":"Deluxe Survival Kit","qty":"1","actualProductId":"8","replacedByOrderItemId":"","shipping":"0.00","price":"84.00","initialSalesTax":"0.00","customSalesTax":"","refundRemaining":"84.00","purchaseStatus":"","billingCycleType":"","finalBillingCycle":"","isPreauthVoid":"0","nextBillDate":"","trialEnabled":"","trialType":"","regularPrice":"","productQty":"1","cycle1_billDelay":"","cycle2_price":"","cycle2_shipPrice":"","cycle2_isShippable":"0","cycle2_billDelay":"","cycle3_price":"","cycle3_shipPrice":"","cycle3_isShippable":"0","cycle3_billDelay":"","lastCustomCycle":"0","purchaseCycle":"","txnType":"AUTHORIZE","cancellationScheduled":"0","cancelAfterDate":"","billingCycleNumber":"1","staggerIntervalCycles":"","staggerFulfillments":"0"}]}}

-----------------------------------------------------------------
-----------------------------------------------------------------
Data Sent:
array (
  'orderId' => '1D5E1AE7CC',
  'quantity' => '1',
  'productId' => '85',
  'var' => '8320UPS6V1',
  'loginId' => '2ndamendment',
  'password' => 'C!S%M@e17+',
  'campaignId' => '11',
)

Response:
Date: 	 October 24, 2019, 5:31 pm
Status: 	200
Message: 	OK
Result: 	SUCCESS
Body: 	{"result":"SUCCESS","message":{"taxExemption":null,"orderId":"1D5E1AE7CC","ipAddress":"174.93.85.191","sourceId":null,"sourceValue1":null,"sourceValue2":null,"sourceValue3":null,"sourceValue4":null,"sourceValue5":null,"shipCarrier":"Default","shipMethod":"Default","profileName":null,"dateCreated":"2019-10-24 13:30:47","orderType":"NEW_SALE","orderStatus":"COMPLETE","reviewStatus":null,"totalAmount":189.75,"campaignName":"8320 - 2nd Amendment","orderValue":"0.00","customerId":114736,"name":"Afzal Sharif","emailAddress":"free2ndamendmentest@test.com","phoneNumber":"5464646","firstName":"Afzal","lastName":"Sharif","companyName":null,"address1":"torontods","address2":null,"shipmentInsured":null,"shipmentInsurancePrice":null,"insuranceCharged":0,"city":"torontod","state":"toronto","country":"CA","postalCode":"1300","shipFirstName":"Afzal","shipLastName":"Sharif","shipCompanyName":null,"shipAddress1":"torontods","shipAddress2":null,"shipCity":"torontod","shipState":"toronto","shipCountry":"CA","shipPostalCode":"1300","custom1":null,"custom2":null,"custom3":null,"custom4":null,"custom5":null,"paySource":"CREDITCARD","cardType":"TESTCARD","cardLast4":"0000","cardExpiryDate":"01\/21","achAccountHolderType":null,"achAccountType":null,"achRoutingNumber":null,"achNameOnAccount":null,"achAccountNumber":null,"couponCode":null,"agentUserId":73790,"basePrice":"0.00","baseShipping":"9.95","voiceLogNumber":null,"discountPrice":"0.00","salesTax":"0.00","surcharge":"0.00","shipUpcharge":"0.00","shipProfileId":null,"currencySymbol":"$","campaignId":11,"merchantTxnId":"50139","ibanLast4":null,"originalCycleNumber":1,"subTotal":"179.80","shipTotal":"9.95","taxTotal":"0.00","totalDiscount":"0.00","amountPaid":"0.00","items":[{"productId":"231","name":"2nd Amendment Rights (3 Books)","qty":"1","actualProductId":"47","replacedByOrderItemId":"","shipping":"9.95","price":"0.00","initialSalesTax":"0.00","customSalesTax":"","refundRemaining":"9.95","purchaseStatus":"","billingCycleType":"","finalBillingCycle":"","isPreauthVoid":"0","nextBillDate":"","trialEnabled":"","trialType":"","regularPrice":"","productQty":"1","cycle1_billDelay":"","cycle2_price":"","cycle2_shipPrice":"","cycle2_isShippable":"0","cycle2_billDelay":"","cycle3_price":"","cycle3_shipPrice":"","cycle3_isShippable":"0","cycle3_billDelay":"","lastCustomCycle":"0","purchaseCycle":"","txnType":"AUTHORIZE","cancellationScheduled":"0","cancelAfterDate":"","billingCycleNumber":"1","staggerIntervalCycles":"","staggerFulfillments":"0"},{"productId":"80","name":"USA Membership","qty":"1","actualProductId":"21","replacedByOrderItemId":"","shipping":"0.00","price":"0.00","initialSalesTax":"0.00","customSalesTax":"0.00","refundRemaining":"0.00","purchaseStatus":"TRIAL","billingCycleType":"RECURRING","finalBillingCycle":"","isPreauthVoid":"0","nextBillDate":"2019-11-07","trialEnabled":"1","trialType":"STANDARD","regularPrice":"39.95","productQty":"1","cycle1_billDelay":"14","cycle2_price":"39.95","cycle2_shipPrice":"0.00","cycle2_isShippable":"0","cycle2_billDelay":"30","cycle3_price":"39.95","cycle3_shipPrice":"0.00","cycle3_isShippable":"1","cycle3_billDelay":"30","lastCustomCycle":"3","purchaseCycle":"1","txnType":"SALE","cancellationScheduled":"0","cancelAfterDate":"","billingCycleNumber":"1","staggerIntervalCycles":"","staggerFulfillments":"0"},{"productId":"194","name":"Tactical Pen","qty":"1","actualProductId":"25","replacedByOrderItemId":"","shipping":"0.00","price":"17.95","initialSalesTax":"0.00","customSalesTax":"","refundRemaining":"17.95","purchaseStatus":"","billingCycleType":"","finalBillingCycle":"","isPreauthVoid":"0","nextBillDate":"","trialEnabled":"","trialType":"","regularPrice":"","productQty":"1","cycle1_billDelay":"","cycle2_price":"","cycle2_shipPrice":"","cycle2_isShippable":"0","cycle2_billDelay":"","cycle3_price":"","cycle3_shipPrice":"","cycle3_isShippable":"0","cycle3_billDelay":"","lastCustomCycle":"0","purchaseCycle":"","txnType":"AUTHORIZE","cancellationScheduled":"0","cancelAfterDate":"","billingCycleNumber":"1","staggerIntervalCycles":"","staggerFulfillments":"0"},{"productId":"193","name":"Master Tool Kit","qty":"1","actualProductId":"24","replacedByOrderItemId":"","shipping":"0.00","price":"17.95","initialSalesTax":"0.00","customSalesTax":"","refundRemaining":"17.95","purchaseStatus":"","billingCycleType":"","finalBillingCycle":"","isPreauthVoid":"0","nextBillDate":"","trialEnabled":"","trialType":"","regularPrice":"","productQty":"1","cycle1_billDelay":"","cycle2_price":"","cycle2_shipPrice":"","cycle2_isShippable":"0","cycle2_billDelay":"","cycle3_price":"","cycle3_shipPrice":"","cycle3_isShippable":"0","cycle3_billDelay":"","lastCustomCycle":"0","purchaseCycle":"","txnType":"AUTHORIZE","cancellationScheduled":"0","cancelAfterDate":"","billingCycleNumber":"1","staggerIntervalCycles":"","staggerFulfillments":"0"},{"productId":"195","name":"Knighthawk T-600 Flashlight","qty":"1","actualProductId":"30","replacedByOrderItemId":"","shipping":"0.00","price":"19.95","initialSalesTax":"0.00","customSalesTax":"","refundRemaining":"19.95","purchaseStatus":"","billingCycleType":"","finalBillingCycle":"","isPreauthVoid":"0","nextBillDate":"","trialEnabled":"","trialType":"","regularPrice":"","productQty":"1","cycle1_billDelay":"","cycle2_price":"","cycle2_shipPrice":"","cycle2_isShippable":"0","cycle2_billDelay":"","cycle3_price":"","cycle3_shipPrice":"","cycle3_isShippable":"0","cycle3_billDelay":"","lastCustomCycle":"0","purchaseCycle":"","txnType":"AUTHORIZE","cancellationScheduled":"0","cancelAfterDate":"","billingCycleNumber":"1","staggerIntervalCycles":"","staggerFulfillments":"0"},{"productId":"84","name":"Deluxe Survival Kit","qty":"1","actualProductId":"8","replacedByOrderItemId":"","shipping":"0.00","price":"84.00","initialSalesTax":"0.00","customSalesTax":"","refundRemaining":"84.00","purchaseStatus":"","billingCycleType":"","finalBillingCycle":"","isPreauthVoid":"0","nextBillDate":"","trialEnabled":"","trialType":"","regularPrice":"","productQty":"1","cycle1_billDelay":"","cycle2_price":"","cycle2_shipPrice":"","cycle2_isShippable":"0","cycle2_billDelay":"","cycle3_price":"","cycle3_shipPrice":"","cycle3_isShippable":"0","cycle3_billDelay":"","lastCustomCycle":"0","purchaseCycle":"","txnType":"AUTHORIZE","cancellationScheduled":"0","cancelAfterDate":"","billingCycleNumber":"1","staggerIntervalCycles":"","staggerFulfillments":"0"},{"productId":"85","name":"Personal Water Filtration Bottle","qty":"1","actualProductId":"9","replacedByOrderItemId":"","shipping":"0.00","price":"39.95","initialSalesTax":"0.00","customSalesTax":"","refundRemaining":"39.95","purchaseStatus":"","billingCycleType":"","finalBillingCycle":"","isPreauthVoid":"0","nextBillDate":"","trialEnabled":"","trialType":"","regularPrice":"","productQty":"1","cycle1_billDelay":"","cycle2_price":"","cycle2_shipPrice":"","cycle2_isShippable":"0","cycle2_billDelay":"","cycle3_price":"","cycle3_shipPrice":"","cycle3_isShippable":"0","cycle3_billDelay":"","lastCustomCycle":"0","purchaseCycle":"","txnType":"AUTHORIZE","cancellationScheduled":"0","cancelAfterDate":"","billingCycleNumber":"1","staggerIntervalCycles":"","staggerFulfillments":"0"}]}}

-----------------------------------------------------------------
